C:\Users\JackPaul\Desktop\北邮计算机网络选择重传\选择重传\选择重传程序\datalink.exe b 
=========================================================================
                          Station B                                 
-------------------------------------------------------------------------
Protocol.lib, version 3.0, Build: Oct 19 2009 (jiangy@public3.bta.net.cn)
Channel: 8000 bps, 270 ms propagation delay, bit error rate 1.0E-005
Log file "C:\Users\JackPaul\Desktop\北邮计算机网络选择重传\选择重传\选择重传程序\datalink-B.log", TCP port 59144, debug mask 0x00
Station B is connecting station A (TCP port 59144) ... Done.
New epoch: Sat May 16 20:06:27 2015
=========================================================================
2.581 .... 8 packets received, 7739 bps, 96.74%, Err 0 (0.0e+000)
4.696 .... 16 packets received, 7743 bps, 96.79%, Err 0 (0.0e+000)
6.796 .... 24 packets received, 7762 bps, 97.03%, Err 0 (0.0e+000)
8.926 .... 32 packets received, 7745 bps, 96.81%, Err 0 (0.0e+000)
11.026 .... 40 packets received, 7756 bps, 96.95%, Err 0 (0.0e+000)
13.141 .... 48 packets received, 7755 bps, 96.93%, Err 0 (0.0e+000)
15.242 .... 56 packets received, 7761 bps, 97.01%, Err 0 (0.0e+000)
17.372 .... 59 packets received, 7146 bps, 89.33%, Err 2 (1.5e-005)
19.473 .... 70 packets received, 7542 bps, 94.27%, Err 2 (1.3e-005)
21.588 .... 78 packets received, 7562 bps, 94.53%, Err 2 (1.2e-005)
23.703 .... 86 packets received, 7579 bps, 94.74%, Err 2 (1.1e-005)
25.818 .... 94 packets received, 7593 bps, 94.91%, Err 2 (9.8e-006)
28.458 .... 100 packets received, 7316 bps, 91.45%, Err 3 (1.3e-005)
30.588 .... 111 packets received, 7546 bps, 94.33%, Err 3 (1.2e-005)
32.675 .... 119 packets received, 7566 bps, 94.58%, Err 3 (1.2e-005)
34.790 .... 127 packets received, 7577 bps, 94.72%, Err 4 (1.4e-005)
36.905 .... 135 packets received, 7587 bps, 94.84%, Err 4 (1.4e-005)
39.020 .... 143 packets received, 7596 bps, 94.95%, Err 4 (1.3e-005)
41.135 .... 151 packets received, 7604 bps, 95.05%, Err 4 (1.2e-005)
43.235 .... 159 packets received, 7613 bps, 95.17%, Err 4 (1.2e-005)
45.350 .... 167 packets received, 7620 bps, 95.25%, Err 4 (1.1e-005)
47.990 .... 173 packets received, 7455 bps, 93.19%, Err 5 (1.3e-005)
50.106 .... 184 packets received, 7591 bps, 94.89%, Err 5 (1.3e-005)
52.222 .... 192 packets received, 7597 bps, 94.97%, Err 5 (1.2e-005)
54.323 .... 200 packets received, 7605 bps, 95.06%, Err 5 (1.2e-005)
56.439 .... 208 packets received, 7610 bps, 95.13%, Err 5 (1.1e-005)
58.555 .... 216 packets received, 7615 bps, 95.19%, Err 5 (1.1e-005)
60.670 .... 224 packets received, 7620 bps, 95.25%, Err 5 (1.0e-005)
62.785 .... 232 packets received, 7624 bps, 95.30%, Err 5 (1.0e-005)
64.900 .... 240 packets received, 7628 bps, 95.35%, Err 5 (9.7e-006)
66.520 TCP Disconnected.
